Entering C environment
SecCoreStartupWithStack (0x1C010000, 0x90020000)
(0x90010000, 0x10000)
&SecCoreData.BootFirmwareVolumeBase=9001FF88 SecCoreData.BootFirmwareVolumeBase=1C010000
&SecCoreData.BootFirmwareVolumeSize=9001FF90 SecCoreData.BootFirmwareVolumeSize=40000
Find Pei EntryPoint=1C011240
SecStartupPhase2 1C011240
Register PPI Notify: DCD0BE23-9586-40F4-B643-06522CED4EDE
Install PPI: 8C8CE578-8A3D-4F1C-9935-896185C32DD3
Install PPI: 5473C07A-3DCB-4DCA-BD6F-1E9689E7349A
The 0th FV start address is 0x0001C010000, size is 0x00040000, handle is 0x1C010000
Register PPI Notify: 49EDB1C1-BF21-4761-BB12-EB0031AABB39
Register PPI Notify: EA7CA24B-DED5-4DAD-A389-BF827E8F9B38
Install PPI: B9E0ABFE-5979-4914-977F-6DEE78C278A6
Install PPI: DBE23AA9-A345-4B97-85B6-B226F1617389
DiscoverPeimsAndOrderWithApriori(): Found 0x3 PEI FFS files in the 0th FV
Loading PEIM 9B3ADA4F-AE56-4C24-8DEA-F03B7558AE50
Loading PEIM at 0x0001C028BE0 EntryPoint=0x0001C028E20 PcdPeim.efi
Install PPI: 06E81C58-4AD7-44BC-8390-F10265F72480
Install PPI: 01F34D25-4DE2-23AD-3FF3-36353FF323F1
Install PPI: 4D8B155B-C059-4C8F-8926-06FD4331DB8A
Install PPI: A60C6B59-E459-425D-9C69-0BCC9CB27D81
Register PPI Notify: 605EA650-C65C-42E1-BA80-91A52AB618C6
Loading PEIM 4C0E81E5-E8E3-4EEF-B24B-19B686E9AB53
Loading PEIM at 0x0001C03D4A0 EntryPoint=0x0001C03D6E0 PlatformPei.efi
Platform PEIM Loaded
Install PPI: 7408D748-FC8C-4EE6-9288-C4BEC092A410
SystemMemorySizeInitialization: QEMU reports 1024M system memory
PeiInstallPeiMemory MemoryBegin 0x90020000, MemoryLength 0xFFE0000
Publish Memory Initialize done.
Platform PEI Firmware Volume Initialization
DXEFV base:1C050000 size:350000
Install PPI: 49EDB1C1-BF21-4761-BB12-EB0031AABB39
Notify: PPI Guid: 49EDB1C1-BF21-4761-BB12-EB0031AABB39, Peim notify entry point: 1C017DA8
The 1th FV start address is 0x0001C050000, size is 0x00350000, handle is 0x1C050000
Found firmware volume Image File 1C050078 in FV[1] 1C050000
InitializeRamRegions: MemoryBase=90000000, MemoryEnd=C0000000
==MemMapInitialization==
==MiscInitialization==
ConfigureMmu 202 Enable Mmu Start PageBassAddress 9FEFE000.
ConfigureMmu 204 Enable Mmu End.
Temp Stack : BaseAddress=0x90018000 Length=0x8000
Temp Heap  : BaseAddress=0x90010000 Length=0x8000
Total temporary memory:    65536 bytes.
  temporary memory stack ever used:       32768 bytes.
  temporary memory heap used for HobList: 8336 bytes.
  temporary memory heap occupied by memory pages: 0 bytes.
Memory Allocation 0x00000004 0x90010000 - 0x9001FFFF
Memory Allocation 0x0000000A 0x90010000 - 0x9001FFFF
Memory Allocation 0x0000000A 0x90000000 - 0x9000FFFF
Memory Allocation 0x00000004 0x9FEFF000 - 0x9FFFFFFF
Memory Allocation 0x00000004 0x9FEFE000 - 0x9FEFEFFF
Memory Allocation 0x00000004 0x9FEFD000 - 0x9FEFDFFF
Memory Allocation 0x00000004 0x9FEFC000 - 0x9FEFCFFF
Memory Allocation 0x00000004 0x9FEFB000 - 0x9FEFBFFF
Memory Allocation 0x00000004 0x9FEFA000 - 0x9FEFAFFF
Memory Allocation 0x00000004 0x9FEF9000 - 0x9FEF9FFF
Memory Allocation 0x00000004 0x9FEF8000 - 0x9FEF8FFF
Memory Allocation 0x00000004 0x9FEF7000 - 0x9FEF7FFF
Memory Allocation 0x00000004 0x9FEF6000 - 0x9FEF6FFF
Memory Allocation 0x00000004 0x9FEF5000 - 0x9FEF5FFF
Old Stack size 32768, New stack size 131072
Stack Hob: BaseAddress=0x90020000 Length=0x20000
Heap Offset = 0x30000 Stack Offset = 0x20000
TemporaryRamMigration (0x90010000, 0x90038000, 0x10000)
Loading PEIM 52C05B14-0B98-496C-BC3B-04B50211D680
Loading PEIM at 0x0009FEDD160 EntryPoint=0x0009FEDD240 PeiCore.efi
Reinstall PPI: 8C8CE578-8A3D-4F1C-9935-896185C32DD3
Reinstall PPI: 5473C07A-3DCB-4DCA-BD6F-1E9689E7349A
Reinstall PPI: B9E0ABFE-5979-4914-977F-6DEE78C278A6
Install PPI: F894643D-C449-42D1-8EA8-85BDD8C65BDE
Loading PEIM 9B3ADA4F-AE56-4C24-8DEA-F03B7558AE50
Loading PEIM at 0x0009FED3000 EntryPoint=0x0009FED3240 PcdPeim.efi
Reinstall PPI: 06E81C58-4AD7-44BC-8390-F10265F72480
Reinstall PPI: 4D8B155B-C059-4C8F-8926-06FD4331DB8A
Reinstall PPI: 01F34D25-4DE2-23AD-3FF3-36353FF323F1
Reinstall PPI: A60C6B59-E459-425D-9C69-0BCC9CB27D81
DiscoverPeimsAndOrderWithApriori(): Found 0x1 PEI FFS files in the 1th FV
Loading PEIM 86D70125-BAA3-4296-A62F-602BEBBB9081
Loading PEIM at 0x0009FEC7000 EntryPoint=0x0009FEC7240 DxeIpl.efi
Install PPI: EE4E5898-3914-4259-9D6E-DC7BD79403CF
Install PPI: 1A36E4E7-FAB6-476A-8E75-695A0576FDD7
Install PPI: 0AE8CE5D-E448-4437-A8D7-EBF5F194F731
Customized Guided section Memory Size required is 0x6D5010 and address is 0x9F7E1000
ProcessFvFile() FV at 0x9F7E1010, FvAlignment required is 0x10
Install PPI: EA7CA24B-DED5-4DAD-A389-BF827E8F9B38
Notify: PPI Guid: EA7CA24B-DED5-4DAD-A389-BF827E8F9B38, Peim notify entry point: 1C017DA8
The 2th FV start address is 0x0009F7E1010, size is 0x006D5000, handle is 0x9F7E1010
Install PPI: 49EDB1C1-BF21-4761-BB12-EB0031AABB39
Notify: PPI Guid: 49EDB1C1-BF21-4761-BB12-EB0031AABB39, Peim notify entry point: 1C017DA8
The FV 9F7E1010 has already been processed!
DiscoverPeimsAndOrderWithApriori(): Found 0x0 PEI FFS files in the 2th FV
DXE IPL Entry
Loading PEIM D6A2CB7F-6A18-4E2F-B43B-9920A733700A
Loading PEIM at 0x0009F7A5000 EntryPoint=0x0009F7A6000 DxeCore.efi
Loading DXE CORE at 0x0009F7A5000 EntryPoint=0x0009F7A6000
Install PPI: 605EA650-C65C-42E1-BA80-91A52AB618C6
Notify: PPI Guid: 605EA650-C65C-42E1-BA80-91A52AB618C6, Peim notify entry point: 1C02901C
CoreInitializeMemoryServices:
  BaseAddress - 0xA0000000 Length - 0x20000000 MinimalMemorySizeNeeded - 0x10E8000
InstallProtocolInterface: 5B1B31A1-9562-11D2-8E3F-00A0C969723B 9F7DC430
ProtectUefiImageCommon - 0x9F7DC430
  - 0x000000009F7A5000 - 0x000000000003C000
DxeMain: MemoryBaseAddress=0xA0000000 MemoryLength=0x20000000
HOBLIST address in DXE = 0xBFE0C018
Memory Allocation 0x00000004 0x90010000 - 0x9001FFFF
Memory Allocation 0x0000000A 0x90010000 - 0x9001FFFF
Memory Allocation 0x0000000A 0x90000000 - 0x9000FFFF
Memory Allocation 0x00000004 0x9FEFF000 - 0x9FFFFFFF
Memory Allocation 0x00000004 0x9FEFE000 - 0x9FEFEFFF
Memory Allocation 0x00000004 0x9FEFD000 - 0x9FEFDFFF
Memory Allocation 0x00000004 0x9FEFC000 - 0x9FEFCFFF
Memory Allocation 0x00000004 0x9FEFB000 - 0x9FEFBFFF
Memory Allocation 0x00000004 0x9FEFA000 - 0x9FEFAFFF
Memory Allocation 0x00000004 0x9FEF9000 - 0x9FEF9FFF
Memory Allocation 0x00000004 0x9FEF8000 - 0x9FEF8FFF
Memory Allocation 0x00000004 0x9FEF7000 - 0x9FEF7FFF
Memory Allocation 0x00000004 0x9FEF6000 - 0x9FEF6FFF
Memory Allocation 0x00000004 0x9FEF5000 - 0x9FEF5FFF
Memory Allocation 0x00000004 0x9F785000 - 0x9F7A4FFF
Memory Allocation 0x00000003 0x9FEDD000 - 0x9FEF4FFF
Memory Allocation 0x00000003 0x9FED3000 - 0x9FEDCFFF
Memory Allocation 0x00000003 0x9FEC7000 - 0x9FED2FFF
Memory Allocation 0x00000004 0x9FEB7000 - 0x9FEC6FFF
Memory Allocation 0x00000004 0x9F7E1000 - 0x9FEB6FFF
Memory Allocation 0x00000003 0x9F7A5000 - 0x9F7E0FFF
Memory Allocation 0x00000003 0x9F7A5000 - 0x9F7E0FFF
Memory Allocation 0x00000004 0x9F785000 - 0x9F7A4FFF
Memory Allocation 0x00000004 0x90020000 - 0x9003FFFF
FV Hob            0x1C050000 - 0x1C39FFFF
FV Hob            0x9F7E1010 - 0x9FEB600F
FV2 Hob           0x9F7E1010 - 0x9FEB600F
                  AF8C3FE8-9CE8-4548-884A-E3F4DD91F040 - 9E21FD93-9C72-4C15-8C4B-E77F1DB2D792
FV3 Hob           0x9F7E1010 - 0x9FEB600F - 0x0 - 0x1
                  AF8C3FE8-9CE8-4548-884A-E3F4DD91F040 - 9E21FD93-9C72-4C15-8C4B-E77F1DB2D792
InstallProtocolInterface: D8117CFE-94A6-11D4-9A3A-0090273FC14D 9F7DC008
InstallProtocolInterface: 8F644FA9-E850-4DB1-9CE2-0B44698E8DA4 BFE07030
InstallProtocolInterface: 09576E91-6D3F-11D2-8E39-00A0C969723B BFE07F98
InstallProtocolInterface: 8F644FA9-E850-4DB1-9CE2-0B44698E8DA4 BFE07CB0
InstallProtocolInterface: 09576E91-6D3F-11D2-8E39-00A0C969723B BFE07D98
InstallProtocolInterface: 220E73B6-6BDB-4413-8405-B974B108619A BFE071B0
InstallProtocolInterface: 220E73B6-6BDB-4413-8405-B974B108619A BFE07330
InstallProtocolInterface: EE4E5898-3914-4259-9D6E-DC7BD79403CF 9F7DC3A0
Loading driver 9B680FCE-AD6B-4F3A-B60B-F59899003443
InstallProtocolInterface: 5B1B31A1-9562-11D2-8E3F-00A0C969723B BF87F140
Loading driver at 0x000BFF7C000 EntryPoint=0x000BFF7D074 DevicePathDxe.efi
InstallProtocolInterface: BC62157E-3E33-4FEC-9920-2D3B36D750DF BF87F418
ProtectUefiImageCommon - 0xBF87F140
  - 0x00000000BFF7C000 - 0x0000000000014000
InstallProtocolInterface: 0379BE4E-D706-437D-B037-EDB82FB772A4 BFF89C98
InstallProtocolInterface: 8B843E20-8132-4852-90CC-551A4E4A7F1C BFF89C88
InstallProtocolInterface: 05C99A21-C70F-4AD2-8A5F-35DF3343F51E BFF89C78
Loading driver 80CF7257-87AB-47F9-A3FE-D50B76D89541
InstallProtocolInterface: 5B1B31A1-9562-11D2-8E3F-00A0C969723B BF861140
Loading driver at 0x000BFF6E000 EntryPoint=0x000BFF6F074 PcdDxe.efi
InstallProtocolInterface: BC62157E-3E33-4FEC-9920-2D3B36D750DF BF861C98
ProtectUefiImageCommon - 0xBF861140
  - 0x00000000BFF6E000 - 0x000000000000E000
InstallProtocolInterface: 11B34006-D85B-4D0A-A290-D5A571310EF7 BFF7A0C0
InstallProtocolInterface: 13A3F0F6-264A-3EF0-F2E0-DEC512342F34 BFF7A030
InstallProtocolInterface: 5BE40F57-FA68-4610-BBBF-E9C5FCDAD365 BFF7A018
InstallProtocolInterface: FD0F4478-0EFD-461D-BA2D-E58C45FD5F5E BFF7A008
Loading driver D93CE3D8-A7EB-4730-8C8E-CC466A9ECC3C
InstallProtocolInterface: 5B1B31A1-9562-11D2-8E3F-00A0C969723B BF860A40
Loading driver at 0x000BEEC0000 EntryPoint=0x000BEED0074 ReportStatusCodeRouterRuntimeDxe.efi
InstallProtocolInterface: BC62157E-3E33-4FEC-9920-2D3B36D750DF BF860418
ProtectUefiImageCommon - 0xBF860A40
  - 0x00000000BEEC0000 - 0x0000000000040000
InstallProtocolInterface: 86212936-0E76-41C8-A03A-2AF2FC1C39E2 BEEE0008
InstallProtocolInterface: D2B2B828-0826-48A7-B3DF-983C006024F0 BEEE0018
Loading driver B601F8C4-43B7-4784-95B1-F4226CB40CEE
InstallProtocolInterface: 5B1B31A1-9562-11D2-8E3F-00A0C969723B BF85DBC0
Loading driver at 0x000BEE20000 EntryPoint=0x000BEE30074 RuntimeDxe.efi
InstallProtocolInterface: BC62157E-3E33-4FEC-9920-2D3B36D750DF BF85D798
ProtectUefiImageCommon - 0xBF85DBC0
  - 0x00000000BEE20000 - 0x0000000000040000
InstallProtocolInterface: B7DFB4E1-052F-449F-87BE-9818FC91B733 BEE40008
Loading driver BF954921-25C1-48C0-9BFB-8D0CD7EE92DA
InstallProtocolInterface: 5B1B31A1-9562-11D2-8E3F-00A0C969723B BF85D2C0
Loading driver at 0x000BFF64000 EntryPoint=0x000BFF65074 CpuDxe.efi
InstallProtocolInterface: BC62157E-3E33-4FEC-9920-2D3B36D750DF BF851F18
ProtectUefiImageCommon - 0xBF85D2C0
  - 0x00000000BFF64000 - 0x000000000000A000
Set Exception Base Address
LoongArchException address: 0xBFFC0000
LoongArchExceptionEnd address: 0xBFFC001C
InitializeExceptions, IrqEnabled = 0
InstallProtocolInterface: 26BACCB1-6F42-11D4-BCE7-0080C73C8881 BFF6C008
MemoryProtectionCpuArchProtocolNotify:
ProtectUefiImageCommon - 0x9F7DC430
  - 0x000000009F7A5000 - 0x000000000003C000
SetUefiImageMemoryAttributes - 0x000000009F7A5000 - 0x0000000000001000 (0x0000000000004000)
SetUefiImageMemoryAttributes - 0x000000009F7A6000 - 0x0000000000036000 (0x0000000000020000)
SetUefiImageMemoryAttributes - 0x000000009F7DC000 - 0x0000000000005000 (0x0000000000004000)
ProtectUefiImageCommon - 0xBF87F140
  - 0x00000000BFF7C000 - 0x0000000000014000
SetUefiImageMemoryAttributes - 0x00000000BFF7C000 - 0x0000000000001000 (0x0000000000004000)
SetUefiImageMemoryAttributes - 0x00000000BFF7D000 - 0x0000000000011000 (0x0000000000020000)
SetUefiImageMemoryAttributes - 0x00000000BFF8E000 - 0x0000000000002000 (0x0000000000004000)
ProtectUefiImageCommon - 0xBF861140
  - 0x00000000BFF6E000 - 0x000000000000E000
SetUefiImageMemoryAttributes - 0x00000000BFF6E000 - 0x0000000000001000 (0x0000000000004000)
SetUefiImageMemoryAttributes - 0x00000000BFF6F000 - 0x000000000000B000 (0x0000000000020000)
SetUefiImageMemoryAttributes - 0x00000000BFF7A000 - 0x0000000000002000 (0x0000000000004000)
ProtectUefiImageCommon - 0xBF860A40
  - 0x00000000BEEC0000 - 0x0000000000040000
SetUefiImageMemoryAttributes - 0x00000000BEEC0000 - 0x0000000000010000 (0x0000000000004000)
SetUefiImageMemoryAttributes - 0x00000000BEED0000 - 0x0000000000010000 (0x0000000000020000)
SetUefiImageMemoryAttributes - 0x00000000BEEE0000 - 0x0000000000020000 (0x0000000000004000)
ProtectUefiImageCommon - 0xBF85DBC0
  - 0x00000000BEE20000 - 0x0000000000040000
SetUefiImageMemoryAttributes - 0x00000000BEE20000 - 0x0000000000010000 (0x0000000000004000)
SetUefiImageMemoryAttributes - 0x00000000BEE30000 - 0x0000000000010000 (0x0000000000020000)
SetUefiImageMemoryAttributes - 0x00000000BEE40000 - 0x0000000000020000 (0x0000000000004000)
ProtectUefiImageCommon - 0xBF85D2C0
  - 0x00000000BFF64000 - 0x000000000000A000
SetUefiImageMemoryAttributes - 0x00000000BFF64000 - 0x0000000000001000 (0x0000000000004000)
SetUefiImageMemoryAttributes - 0x00000000BFF65000 - 0x0000000000007000 (0x0000000000020000)
SetUefiImageMemoryAttributes - 0x00000000BFF6C000 - 0x0000000000002000 (0x0000000000004000)
Loading driver F80697E9-7FD6-4665-8646-88E33EF71DFC
InstallProtocolInterface: 5B1B31A1-9562-11D2-8E3F-00A0C969723B BF851240
Loading driver at 0x000BFF5A000 EntryPoint=0x000BFF5B074 SecurityStubDxe.efi
InstallProtocolInterface: BC62157E-3E33-4FEC-9920-2D3B36D750DF BF850018
ProtectUefiImageCommon - 0xBF851240
  - 0x00000000BFF5A000 - 0x000000000000A000
SetUefiImageMemoryAttributes - 0x00000000BFF5A000 - 0x0000000000001000 (0x0000000000004000)
SetUefiImageMemoryAttributes - 0x00000000BFF5B000 - 0x0000000000007000 (0x0000000000020000)
SetUefiImageMemoryAttributes - 0x00000000BFF62000 - 0x0000000000002000 (0x0000000000004000)
InstallProtocolInterface: 94AB2F58-1438-4EF1-9152-18941A3A0E68 BFF62008
InstallProtocolInterface: A46423E3-4617-49F1-B9FF-D1BFA9115839 BFF62010
InstallProtocolInterface: 15853D7C-3DDF-43E0-A1CB-EBF85B8F872C BFF62018
Loading driver AEBE2648-47A9-40FA-83FD-06AA88443BB2
InstallProtocolInterface: 5B1B31A1-9562-11D2-8E3F-00A0C969723B BF850140
Loading driver at 0x000BFF53000 EntryPoint=0x000BFF54074 Timer.efi
InstallProtocolInterface: BC62157E-3E33-4FEC-9920-2D3B36D750DF BF850418
ProtectUefiImageCommon - 0xBF850140
  - 0x00000000BFF53000 - 0x0000000000007000
SetUefiImageMemoryAttributes - 0x00000000BFF53000 - 0x0000000000001000 (0x0000000000004000)
SetUefiImageMemoryAttributes - 0x00000000BFF54000 - 0x0000000000004000 (0x0000000000020000)
SetUefiImageMemoryAttributes - 0x00000000BFF58000 - 0x0000000000002000 (0x0000000000004000)
===========Stable timer freq 100000000 Hz=============
InstallProtocolInterface: 26BACCB3-6F42-11D4-BCE7-0080C73C8881 BFF58008
Loading driver 4B28E4C7-FF36-4E10-93CF-A82159E777C5
InstallProtocolInterface: 5B1B31A1-9562-11D2-8E3F-00A0C969723B BF85CC40
Loading driver at 0x000BED80000 EntryPoint=0x000BED90074 ResetSystemRuntimeDxe.efi
InstallProtocolInterface: BC62157E-3E33-4FEC-9920-2D3B36D750DF BF85C898
ProtectUefiImageCommon - 0xBF85CC40
  - 0x00000000BED80000 - 0x0000000000040000
SetUefiImageMemoryAttributes - 0x00000000BED80000 - 0x0000000000010000 (0x0000000000004000)
SetUefiImageMemoryAttributes - 0x00000000BED90000 - 0x0000000000010000 (0x0000000000020000)
SetUefiImageMemoryAttributes - 0x00000000BEDA0000 - 0x0000000000020000 (0x0000000000004000)
InstallProtocolInterface: 27CFAC88-46CC-11D4-9A38-0090273FC14D 0
InstallProtocolInterface: 9DA34AE0-EAF9-4BBF-8EC3-FD60226C44BE BEDA0060
InstallProtocolInterface: 695D7835-8D47-4C11-AB22-FA8ACCE7AE7A BEDA0038
InstallProtocolInterface: 2DF6BA0B-7092-440D-BD04-FB091EC3F3C1 BEDA0010
Loading driver C8339973-A563-4561-B858-D8476F9DEFC4
InstallProtocolInterface: 5B1B31A1-9562-11D2-8E3F-00A0C969723B BF85BB40
Loading driver at 0x000BFF4C000 EntryPoint=0x000BFF4D074 Metronome.efi
InstallProtocolInterface: BC62157E-3E33-4FEC-9920-2D3B36D750DF BF85B098
ProtectUefiImageCommon - 0xBF85BB40
  - 0x00000000BFF4C000 - 0x0000000000007000
SetUefiImageMemoryAttributes - 0x00000000BFF4C000 - 0x0000000000001000 (0x0000000000004000)
SetUefiImageMemoryAttributes - 0x00000000BFF4D000 - 0x0000000000004000 (0x0000000000020000)
SetUefiImageMemoryAttributes - 0x00000000BFF51000 - 0x0000000000002000 (0x0000000000004000)
InstallProtocolInterface: 26BACCB2-6F42-11D4-BCE7-0080C73C8881 BFF51008
Loading driver 22DC2B60-FE40-42AC-B01F-3AB1FAD9AAD8
InstallProtocolInterface: 5B1B31A1-9562-11D2-8E3F-00A0C969723B BF85B1C0
Loading driver at 0x000BECE0000 EntryPoint=0x000BECF0074 EmuVariableFvbRuntimeDxe.efi
InstallProtocolInterface: BC62157E-3E33-4FEC-9920-2D3B36D750DF BF85B618
ProtectUefiImageCommon - 0xBF85B1C0
  - 0x00000000BECE0000 - 0x0000000000040000
SetUefiImageMemoryAttributes - 0x00000000BECE0000 - 0x0000000000010000 (0x0000000000004000)
SetUefiImageMemoryAttributes - 0x00000000BECF0000 - 0x0000000000010000 (0x0000000000020000)
SetUefiImageMemoryAttributes - 0x00000000BED00000 - 0x0000000000020000 (0x0000000000004000)
EMU Variable FVB Started
Installing FVB for EMU Variable support
InstallProtocolInterface: 8F644FA9-E850-4DB1-9CE2-0B44698E8DA4 BED000B0
InstallProtocolInterface: 09576E91-6D3F-11D2-8E39-00A0C969723B BED00078
Loading driver CBD2E4D5-7068-4FF5-B462-9822B4AD8D60
InstallProtocolInterface: 5B1B31A1-9562-11D2-8E3F-00A0C969723B BF85A7C0
Loading driver at 0x000BEBF0000 EntryPoint=0x000BEC00074 VariableRuntimeDxe.efi
InstallProtocolInterface: BC62157E-3E33-4FEC-9920-2D3B36D750DF BF85A618
ProtectUefiImageCommon - 0xBF85A7C0
  - 0x00000000BEBF0000 - 0x0000000000050000
SetUefiImageMemoryAttributes - 0x00000000BEBF0000 - 0x0000000000010000 (0x0000000000004000)
SetUefiImageMemoryAttributes - 0x00000000BEC00000 - 0x0000000000020000 (0x0000000000020000)
SetUefiImageMemoryAttributes - 0x00000000BEC20000 - 0x0000000000020000 (0x0000000000004000)
VarCheckLibRegisterSetVariableCheckHandler - 0xBEC10E00 Success
Variable driver common space: 0xFF9C 0xFF9C 0xFF9C
Variable driver will work with auth variable format!
InstallProtocolInterface: CD3D0A05-9E24-437C-A891-1EE053DB7638 BEC20050
InstallProtocolInterface: AF23B340-97B4-4685-8D4F-A3F28169B21D BEC20008
InstallProtocolInterface: 1E5668E2-8481-11D4-BCF1-0080C73C8881 0
VarCheckLibRegisterSetVariableCheckHandler - 0xBEC10124 Success
InstallProtocolInterface: 81D1675C-86F6-48DF-BD95-9A6E4F0925C3 BEC20020
Loading driver 168D1A6E-F4A5-448A-9E95-795661BB3067
InstallProtocolInterface: 5B1B31A1-9562-11D2-8E3F-00A0C969723B BF859840
Loading driver at 0x000BFF45000 EntryPoint=0x000BFF46074 PciCpuIo2Dxe.efi
InstallProtocolInterface: BC62157E-3E33-4FEC-9920-2D3B36D750DF BF859698
ProtectUefiImageCommon - 0xBF859840
  - 0x00000000BFF45000 - 0x0000000000007000
SetUefiImageMemoryAttributes - 0x00000000BFF45000 - 0x0000000000001000 (0x0000000000004000)
SetUefiImageMemoryAttributes - 0x00000000BFF46000 - 0x0000000000004000 (0x0000000000020000)
SetUefiImageMemoryAttributes - 0x00000000BFF4A000 - 0x0000000000002000 (0x0000000000004000)
InstallProtocolInterface: AD61F191-AE5F-4C0E-B9FA-E869D288C64F BFF4A008
Loading driver 9A871B00-1C16-4F61-8D2C-93B6654B5AD6
InstallProtocolInterface: 5B1B31A1-9562-11D2-8E3F-00A0C969723B BF858040
Loading driver at 0x000BFF3A000 EntryPoint=0x000BFF3B074 FdtClientDxe.efi
InstallProtocolInterface: BC62157E-3E33-4FEC-9920-2D3B36D750DF BF858D98
ProtectUefiImageCommon - 0xBF858040
  - 0x00000000BFF3A000 - 0x000000000000B000
SetUefiImageMemoryAttributes - 0x00000000BFF3A000 - 0x0000000000001000 (0x0000000000004000)
SetUefiImageMemoryAttributes - 0x00000000BFF3B000 - 0x0000000000008000 (0x0000000000020000)
SetUefiImageMemoryAttributes - 0x00000000BFF43000 - 0x0000000000002000 (0x0000000000004000)
InitializeFdtClientDxe: DTB @ 0x9FEFF000
InstallProtocolInterface: E11FACA0-4710-4C8E-A7A2-01BAA2591B4C BFF43008
Loading driver 79E4A61C-ED73-4312-94FE-E3E7563362A9
InstallProtocolInterface: 5B1B31A1-9562-11D2-8E3F-00A0C969723B BF8583C0
Loading driver at 0x000BFF33000 EntryPoint=0x000BFF34074 PrintDxe.efi
InstallProtocolInterface: BC62157E-3E33-4FEC-9920-2D3B36D750DF BF858798
ProtectUefiImageCommon - 0xBF8583C0
  - 0x00000000BFF33000 - 0x0000000000007000
SetUefiImageMemoryAttributes - 0x00000000BFF33000 - 0x0000000000001000 (0x0000000000004000)
SetUefiImageMemoryAttributes - 0x00000000BFF34000 - 0x0000000000004000 (0x0000000000020000)
SetUefiImageMemoryAttributes - 0x00000000BFF38000 - 0x0000000000002000 (0x0000000000004000)
InstallProtocolInterface: F05976EF-83F1-4F3D-8619-F7595D41E538 BFF37198
InstallProtocolInterface: 0CC252D2-C106-4661-B5BD-3147A4F81F92 BFF37148
Loading driver 9A5163E7-5C29-453F-825C-837A46A81E15
InstallProtocolInterface: 5B1B31A1-9562-11D2-8E3F-00A0C969723B BF8570C0
Loading driver at 0x000BFF2C000 EntryPoint=0x000BFF2D074 SerialDxe.efi
InstallProtocolInterface: BC62157E-3E33-4FEC-9920-2D3B36D750DF BF857A18
ProtectUefiImageCommon - 0xBF8570C0
  - 0x00000000BFF2C000 - 0x0000000000007000
SetUefiImageMemoryAttributes - 0x00000000BFF2C000 - 0x0000000000001000 (0x0000000000004000)
SetUefiImageMemoryAttributes - 0x00000000BFF2D000 - 0x0000000000004000 (0x0000000000020000)
SetUefiImageMemoryAttributes - 0x00000000BFF31000 - 0x0000000000002000 (0x0000000000004000)
InstallProtocolInterface: BB25CF6F-F1D4-11D2-9A0C-0090273FC1FD BFF31008
InstallProtocolInterface: 09576E91-6D3F-11D2-8E39-00A0C969723B BFF31070
Loading driver 348C4D62-BFBD-4882-9ECE-C80BB1C4783B
InstallProtocolInterface: 5B1B31A1-9562-11D2-8E3F-00A0C969723B BF856040
Loading driver at 0x000BFEFB000 EntryPoint=0x000BFEFC074 HiiDatabase.efi
InstallProtocolInterface: BC62157E-3E33-4FEC-9920-2D3B36D750DF BF857598
ProtectUefiImageCommon - 0xBF856040
  - 0x00000000BFEFB000 - 0x0000000000031000
SetUefiImageMemoryAttributes - 0x00000000BFEFB000 - 0x0000000000001000 (0x0000000000004000)
SetUefiImageMemoryAttributes - 0x00000000BFEFC000 - 0x000000000002D000 (0x0000000000020000)
SetUefiImageMemoryAttributes - 0x00000000BFF29000 - 0x0000000000003000 (0x0000000000004000)
InstallProtocolInterface: E9CA4775-8657-47FC-97E7-7ED65A084324 BFF29030
InstallProtocolInterface: 0FD96974-23AA-4CDC-B9CB-98D17750322A BFF290A8
InstallProtocolInterface: EF9FC172-A1B2-4693-B327-6D32FC416042 BFF290D0
InstallProtocolInterface: 587E72D7-CC50-4F79-8209-CA291FC1A10F BFF29128
InstallProtocolInterface: 0A8BADD5-03B8-4D19-B128-7B8F0EDAA596 BFF29158
InstallProtocolInterface: 31A6406A-6BDF-4E46-B2A2-EBAA89C40920 BFF29050
InstallProtocolInterface: 1A1241E6-8F19-41A9-BC0E-E8EF39E06546 BFF29078
Loading driver 9622E42C-8E38-4A08-9E8F-54F784652F6B
InstallProtocolInterface: 5B1B31A1-9562-11D2-8E3F-00A0C969723B BF855040
Loading driver at 0x000BFEEB000 EntryPoint=0x000BFEEC074 AcpiTableDxe.efi
InstallProtocolInterface: BC62157E-3E33-4FEC-9920-2D3B36D750DF BF855F18
ProtectUefiImageCommon - 0xBF855040
  - 0x00000000BFEEB000 - 0x0000000000010000
SetUefiImageMemoryAttributes - 0x00000000BFEEB000 - 0x0000000000001000 (0x0000000000004000)
SetUefiImageMemoryAttributes - 0x00000000BFEEC000 - 0x000000000000C000 (0x0000000000020000)
SetUefiImageMemoryAttributes - 0x00000000BFEF8000 - 0x0000000000003000 (0x0000000000004000)
InstallProtocolInterface: FFE06BDD-6107-46A6-7BB2-5A9C7EC5275C BF855A20
Loading driver 6C2004EF-4E0E-4BE4-B14C-340EB4AA5891
InstallProtocolInterface: 5B1B31A1-9562-11D2-8E3F-00A0C969723B BF8553C0
Loading driver at 0x000BEB00000 EntryPoint=0x000BEB10074 StatusCodeHandlerRuntimeDxe.efi
InstallProtocolInterface: BC62157E-3E33-4FEC-9920-2D3B36D750DF BF855818
ProtectUefiImageCommon - 0xBF8553C0
  - 0x00000000BEB00000 - 0x0000000000040000
SetUefiImageMemoryAttributes - 0x00000000BEB00000 - 0x0000000000010000 (0x0000000000004000)
SetUefiImageMemoryAttributes - 0x00000000BEB10000 - 0x0000000000010000 (0x0000000000020000)
SetUefiImageMemoryAttributes - 0x00000000BEB20000 - 0x0000000000020000 (0x0000000000004000)
Loading driver F099D67F-71AE-4C36-B2A3-DCEB0EB2B7D8
InstallProtocolInterface: 5B1B31A1-9562-11D2-8E3F-00A0C969723B BF8540C0
Loading driver at 0x000BFEE4000 EntryPoint=0x000BFEE5074 WatchdogTimer.efi
InstallProtocolInterface: BC62157E-3E33-4FEC-9920-2D3B36D750DF BF854A18
ProtectUefiImageCommon - 0xBF8540C0
  - 0x00000000BFEE4000 - 0x0000000000007000
SetUefiImageMemoryAttributes - 0x00000000BFEE4000 - 0x0000000000001000 (0x0000000000004000)
SetUefiImageMemoryAttributes - 0x00000000BFEE5000 - 0x0000000000004000 (0x0000000000020000)
SetUefiImageMemoryAttributes - 0x00000000BFEE9000 - 0x0000000000002000 (0x0000000000004000)
InstallProtocolInterface: 665E3FF5-46CC-11D4-9A38-0090273FC14D BFEE9008
Loading driver B336F62D-4135-4A55-AE4E-4971BBF0885D
InstallProtocolInterface: 5B1B31A1-9562-11D2-8E3F-00A0C969723B BF853040
Loading driver at 0x000BEA60000 EntryPoint=0x000BEA70074 RealTimeClock.efi
InstallProtocolInterface: BC62157E-3E33-4FEC-9920-2D3B36D750DF BF853D18
ProtectUefiImageCommon - 0xBF853040
  - 0x00000000BEA60000 - 0x0000000000040000
SetUefiImageMemoryAttributes - 0x00000000BEA60000 - 0x0000000000010000 (0x0000000000004000)
SetUefiImageMemoryAttributes - 0x00000000BEA70000 - 0x0000000000010000 (0x0000000000020000)
SetUefiImageMemoryAttributes - 0x00000000BEA80000 - 0x0000000000020000 (0x0000000000004000)
InstallProtocolInterface: 27CFAC87-46CC-11D4-9A38-0090273FC14D 0
InitializeRealTimeClock: using default timezone/daylight settings
InstallProtocolInterface: 27CFAC87-46CC-11D4-9A38-0090273FC14D 0
Loading driver FE5CEA76-4F72-49E8-986F-2CD899DFFE5D
InstallProtocolInterface: 5B1B31A1-9562-11D2-8E3F-00A0C969723B BF853540
Loading driver at 0x000BFED7000 EntryPoint=0x000BFED8074 FaultTolerantWriteDxe.efi
InstallProtocolInterface: BC62157E-3E33-4FEC-9920-2D3B36D750DF BF853398
ProtectUefiImageCommon - 0xBF853540
  - 0x00000000BFED7000 - 0x000000000000D000
SetUefiImageMemoryAttributes - 0x00000000BFED7000 - 0x0000000000001000 (0x0000000000004000)
SetUefiImageMemoryAttributes - 0x00000000BFED8000 - 0x000000000000A000 (0x0000000000020000)
SetUefiImageMemoryAttributes - 0x00000000BFEE2000 - 0x0000000000002000 (0x0000000000004000)
Ftw: FtwWorkSpaceLba - 0x10, WorkBlockSize  - 0x1000, FtwWorkSpaceBase - 0x0
Ftw: FtwSpareLba     - 0x20, SpareBlockSize - 0x1000
Ftw: NumberOfWorkBlock - 0x8, FtwWorkBlockLba - 0x10
Ftw: WorkSpaceLbaInSpare - 0x0, WorkSpaceBaseInSpare - 0x0
Ftw: Remaining work space size - 7FE0
Ftw: Work block header check mismatch
Ftw: Work block header check mismatch
Ftw: Both working and spare blocks are invalid, init workspace
Ftw: start to reclaim work space
Ftw: reclaim work space successfully
InstallProtocolInterface: 3EBD9E82-2C78-4DE6-9786-8D4BFCB7C881 BF847028
NOTICE - AuthVariableLibInitialize() returns Unsupported!
Variable driver will continue to work without auth variable support!
RecordSecureBootPolicyVarData GetVariable SecureBoot Status E
InstallProtocolInterface: 6441F818-6362-4E44-B570-7DBA31DD2453 0
Loading driver 128FB770-5E79-4176-9E51-9BB268A17DD1
InstallProtocolInterface: 5B1B31A1-9562-11D2-8E3F-00A0C969723B BF8520C0
Loading driver at 0x000BFEC4000 EntryPoint=0x000BFEC5074 PciHostBridgeDxe.efi
InstallProtocolInterface: BC62157E-3E33-4FEC-9920-2D3B36D750DF BF852D98
ProtectUefiImageCommon - 0xBF8520C0
  - 0x00000000BFEC4000 - 0x0000000000013000
SetUefiImageMemoryAttributes - 0x00000000BFEC4000 - 0x0000000000001000 (0x0000000000004000)
SetUefiImageMemoryAttributes - 0x00000000BFEC5000 - 0x0000000000010000 (0x0000000000020000)
SetUefiImageMemoryAttributes - 0x00000000BFED5000 - 0x0000000000002000 (0x0000000000004000)
ProcessPciHost: Config[0x20000000+0x8000000) Bus[0x0..0x7F] Io[0x4000+0xC000)@0x18000000 Mem32[0x40000000+0x40000000)@0x0 Mem64[0xFFFFFFFFFFFFFFFF+0x0)@0x0
RootBridge: PciRoot(0x0)
  Support/Attr: 70001 / 70001
    DmaAbove4G: Yes
NoExtConfSpace: No
     AllocAttr: 1 (CombineMemPMem )
           Bus: 0 - 7F Translation=0
            Io: 4000 - FFFF Translation=0
           Mem: 40000000 - 7FFFFFFF Translation=0
    MemAbove4G: FFFFFFFFFFFFFFFF - FFFFFFFFFFFFFFFE Translation=0
          PMem: FFFFFFFFFFFFFFFF - 0 Translation=0
   PMemAbove4G: FFFFFFFFFFFFFFFF - 0 Translation=0
InstallProtocolInterface: CF8034BE-6768-4D8B-B739-7CCE683A9FBE BF852440
InstallProtocolInterface: 09576E91-6D3F-11D2-8E39-00A0C969723B BF852798
InstallProtocolInterface: 2F707EBB-4A1A-11D4-9A38-0090273FC14D BF8461F0
Loading driver EBF342FE-B1D3-4EF8-957C-8048606FF671
InstallProtocolInterface: 5B1B31A1-9562-11D2-8E3F-00A0C969723B BF846540
Loading driver at 0x000BFE99000 EntryPoint=0x000BFE9A074 SetupBrowser.efi
InstallProtocolInterface: BC62157E-3E33-4FEC-9920-2D3B36D750DF BF819018
ProtectUefiImageCommon - 0xBF846540
  - 0x00000000BFE99000 - 0x000000000002B000
SetUefiImageMemoryAttributes - 0x00000000BFE99000 - 0x0000000000001000 (0x0000000000004000)
SetUefiImageMemoryAttributes - 0x00000000BFE9A000 - 0x0000000000027000 (0x0000000000020000)
SetUefiImageMemoryAttributes - 0x00000000BFEC1000 - 0x0000000000003000 (0x0000000000004000)
InstallProtocolInterface: B9D4C360-BCFB-4F9B-9298-53C136982258 BFEC1078
InstallProtocolInterface: A770C357-B693-4E6D-A6CF-D21C728E550B BFEC10A8
InstallProtocolInterface: 1F73B18D-4630-43C1-A1DE-6F80855D7DA4 BFEC1088
Loading driver 6D33944A-EC75-4855-A54D-809C75241F6C
InstallProtocolInterface: 5B1B31A1-9562-11D2-8E3F-00A0C969723B BF819240
Loading driver at 0x000BFE6B000 EntryPoint=0x000BFE6C074 BdsDxe.efi
InstallProtocolInterface: BC62157E-3E33-4FEC-9920-2D3B36D750DF BF819618
ProtectUefiImageCommon - 0xBF819240
  - 0x00000000BFE6B000 - 0x000000000002E000
SetUefiImageMemoryAttributes - 0x00000000BFE6B000 - 0x0000000000001000 (0x0000000000004000)
SetUefiImageMemoryAttributes - 0x00000000BFE6C000 - 0x000000000002A000 (0x0000000000020000)
SetUefiImageMemoryAttributes - 0x00000000BFE96000 - 0x0000000000003000 (0x0000000000004000)
Found FwCfg @ 0x1E020008/0x1E020000
InstallProtocolInterface: 665E3FF6-46CC-11D4-9A38-0090273FC14D BFE96050
Loading driver F9D88642-0737-49BC-81B5-6889CD57D9EA
InstallProtocolInterface: 5B1B31A1-9562-11D2-8E3F-00A0C969723B BF8450C0
Loading driver at 0x000BFE5D000 EntryPoint=0x000BFE5E074 SmbiosDxe.efi
InstallProtocolInterface: BC62157E-3E33-4FEC-9920-2D3B36D750DF BF845D18
ProtectUefiImageCommon - 0xBF8450C0
  - 0x00000000BFE5D000 - 0x000000000000E000
SetUefiImageMemoryAttributes - 0x00000000BFE5D000 - 0x0000000000001000 (0x0000000000004000)
SetUefiImageMemoryAttributes - 0x00000000BFE5E000 - 0x000000000000B000 (0x0000000000020000)
SetUefiImageMemoryAttributes - 0x00000000BFE69000 - 0x0000000000002000 (0x0000000000004000)
Found FwCfg @ 0x1E020008/0x1E020000
DetectSmbiosVersion: SMBIOS 3.x DocRev from QEMU: 0x00
DetectSmbiosVersion: SMBIOS version from QEMU: 0x0300
InstallProtocolInterface: 03583FF6-CB36-4940-947E-B9B39F4AFAF7 BFE690B0
Loading driver 17985E6F-E778-4D94-AEFA-C5DD2B77E186
InstallProtocolInterface: 5B1B31A1-9562-11D2-8E3F-00A0C969723B BF845440
Loading driver at 0x000BFE4E000 EntryPoint=0x000BFE4F074 QemuFwCfgAcpiPlatform.efi
InstallProtocolInterface: BC62157E-3E33-4FEC-9920-2D3B36D750DF BF834F98
ProtectUefiImageCommon - 0xBF845440
  - 0x00000000BFE4E000 - 0x000000000000F000
SetUefiImageMemoryAttributes - 0x00000000BFE4E000 - 0x0000000000001000 (0x0000000000004000)
SetUefiImageMemoryAttributes - 0x00000000BFE4F000 - 0x000000000000C000 (0x0000000000020000)
SetUefiImageMemoryAttributes - 0x00000000BFE5B000 - 0x0000000000002000 (0x0000000000004000)
Found FwCfg @ 0x1E020008/0x1E020000
AcpiPlatformEntryPoint: waiting for root bridges to be connected, registered callback
Loading driver AD608272-D07F-4964-801E-7BD3B7888652
InstallProtocolInterface: 5B1B31A1-9562-11D2-8E3F-00A0C969723B BF834840
Loading driver at 0x000BE9C0000 EntryPoint=0x000BE9D0074 MonotonicCounterRuntimeDxe.efi
InstallProtocolInterface: BC62157E-3E33-4FEC-9920-2D3B36D750DF BF834618
ProtectUefiImageCommon - 0xBF834840
  - 0x00000000BE9C0000 - 0x0000000000040000
SetUefiImageMemoryAttributes - 0x00000000BE9C0000 - 0x0000000000010000 (0x0000000000004000)
SetUefiImageMemoryAttributes - 0x00000000BE9D0000 - 0x0000000000010000 (0x0000000000020000)
SetUefiImageMemoryAttributes - 0x00000000BE9E0000 - 0x0000000000020000 (0x0000000000004000)
InstallProtocolInterface: 1DA97072-BDDC-4B30-99F1-72A0B56FFF2A 0
Loading driver 42857F0A-13F2-4B21-8A23-53D3F714B840
InstallProtocolInterface: 5B1B31A1-9562-11D2-8E3F-00A0C969723B BF844BC0
Loading driver at 0x000BE920000 EntryPoint=0x000BE930074 CapsuleRuntimeDxe.efi
InstallProtocolInterface: BC62157E-3E33-4FEC-9920-2D3B36D750DF BF844A98
ProtectUefiImageCommon - 0xBF844BC0
  - 0x00000000BE920000 - 0x0000000000040000
SetUefiImageMemoryAttributes - 0x00000000BE920000 - 0x0000000000010000 (0x0000000000004000)
SetUefiImageMemoryAttributes - 0x00000000BE930000 - 0x0000000000010000 (0x0000000000020000)
SetUefiImageMemoryAttributes - 0x00000000BE940000 - 0x0000000000020000 (0x0000000000004000)
InstallProtocolInterface: 5053697E-2CBC-4819-90D9-0580DEEE5754 0
Loading driver D9DCC5DF-4007-435E-9098-8970935504B2
InstallProtocolInterface: 5B1B31A1-9562-11D2-8E3F-00A0C969723B BF8442C0
Loading driver at 0x000BFE42000 EntryPoint=0x000BFE43074 PlatformDxe.efi
InstallProtocolInterface: BC62157E-3E33-4FEC-9920-2D3B36D750DF BF836018
ProtectUefiImageCommon - 0xBF8442C0
  - 0x00000000BFE42000 - 0x000000000000C000
SetUefiImageMemoryAttributes - 0x00000000BFE42000 - 0x0000000000001000 (0x0000000000004000)
SetUefiImageMemoryAttributes - 0x00000000BFE43000 - 0x0000000000009000 (0x0000000000020000)
SetUefiImageMemoryAttributes - 0x00000000BFE4C000 - 0x0000000000002000 (0x0000000000004000)
InstallProtocolInterface: 09576E91-6D3F-11D2-8E39-00A0C969723B BFE4C3F0
InstallProtocolInterface: 330D4706-F2A0-4E4F-A369-B66FA8D54385 BFE4C510
Loading driver E660EA85-058E-4B55-A54B-F02F83A24707
InstallProtocolInterface: 5B1B31A1-9562-11D2-8E3F-00A0C969723B BF8360C0
Loading driver at 0x000BFE21000 EntryPoint=0x000BFE22074 DisplayEngine.efi
InstallProtocolInterface: BC62157E-3E33-4FEC-9920-2D3B36D750DF BF843D18
ProtectUefiImageCommon - 0xBF8360C0
  - 0x00000000BFE21000 - 0x0000000000021000
SetUefiImageMemoryAttributes - 0x00000000BFE21000 - 0x0000000000001000 (0x0000000000004000)
SetUefiImageMemoryAttributes - 0x00000000BFE22000 - 0x000000000001C000 (0x0000000000020000)
SetUefiImageMemoryAttributes - 0x00000000BFE3E000 - 0x0000000000004000 (0x0000000000004000)
InstallProtocolInterface: 9BBE29E9-FDA1-41EC-AD52-452213742D2E BFE3F5E0
InstallProtocolInterface: 4311EDC0-6054-46D4-9E40-893EA952FCCC BFE3F5F8
Loading driver 4110465D-5FF3-4F4B-B580-24ED0D06747A
InstallProtocolInterface: 5B1B31A1-9562-11D2-8E3F-00A0C969723B BF83F140
Loading driver at 0x000BFE18000 EntryPoint=0x000BFE19074 SmbiosPlatformDxe.efi
InstallProtocolInterface: BC62157E-3E33-4FEC-9920-2D3B36D750DF BF83F698
ProtectUefiImageCommon - 0xBF83F140
  - 0x00000000BFE18000 - 0x0000000000009000
SetUefiImageMemoryAttributes - 0x00000000BFE18000 - 0x0000000000001000 (0x0000000000004000)
SetUefiImageMemoryAttributes - 0x00000000BFE19000 - 0x0000000000006000 (0x0000000000020000)
SetUefiImageMemoryAttributes - 0x00000000BFE1F000 - 0x0000000000002000 (0x0000000000004000)
Found FwCfg @ 0x1E020008/0x1E020000
SmbiosAdd: Smbios type 1 with size 0x41 is added to 32-bit table
SmbiosAdd: Smbios type 1 with size 0x41 is added to 64-bit table
SmbiosCreateTable: Initialize 32-bit entry point structure
SmbiosCreateTable() re-allocate SMBIOS 32-bit table
SmbiosCreateTable: Initialize 64-bit entry point structure
SmbiosCreate64BitTable() re-allocate SMBIOS 64-bit table
SmbiosAdd: Smbios type 3 with size 0x21 is added to 32-bit table
SmbiosAdd: Smbios type 3 with size 0x21 is added to 64-bit table
SmbiosAdd: Smbios type 4 with size 0x3B is added to 32-bit table
SmbiosAdd: Smbios type 4 with size 0x3B is added to 64-bit table
SmbiosAdd: Smbios type 16 with size 0x19 is added to 32-bit table
SmbiosAdd: Smbios type 16 with size 0x19 is added to 64-bit table
SmbiosAdd: Smbios type 17 with size 0x35 is added to 32-bit table
SmbiosAdd: Smbios type 17 with size 0x35 is added to 64-bit table
SmbiosAdd: Smbios type 32 with size 0xD is added to 32-bit table
SmbiosAdd: Smbios type 32 with size 0xD is added to 64-bit table
SmbiosAdd: Smbios type 0 with size 0x4A is added to 32-bit table
SmbiosAdd: Smbios type 0 with size 0x4A is added to 64-bit table
Loading driver 93B80004-9FB3-11D4-9A3A-0090273FC14D
InstallProtocolInterface: 5B1B31A1-9562-11D2-8E3F-00A0C969723B BF83C340
Loading driver at 0x000BE874000 EntryPoint=0x000BE875074 PciBusDxe.efi
InstallProtocolInterface: BC62157E-3E33-4FEC-9920-2D3B36D750DF BF83C698
ProtectUefiImageCommon - 0xBF83C340
  - 0x00000000BE874000 - 0x000000000001C000
SetUefiImageMemoryAttributes - 0x00000000BE874000 - 0x0000000000001000 (0x0000000000004000)
SetUefiImageMemoryAttributes - 0x00000000BE875000 - 0x0000000000019000 (0x0000000000020000)
SetUefiImageMemoryAttributes - 0x00000000BE88E000 - 0x0000000000002000 (0x0000000000004000)
InstallProtocolInterface: 18A031AB-B443-4D1A-A5C0-0C09261E9F71 BE88E020
InstallProtocolInterface: 107A772C-D5E1-11D4-9A46-0090273FC14D BE88E088
InstallProtocolInterface: 6A7A5CFF-E8D9-4F70-BADA-75AB3025CE14 BE88E070
Loading driver 83DD3B39-7CAF-4FAC-A542-E050B767E3A7
InstallProtocolInterface: 5B1B31A1-9562-11D2-8E3F-00A0C969723B BF83B0C0
Loading driver at 0x000BE86B000 EntryPoint=0x000BE86C074 VirtioPciDeviceDxe.efi
InstallProtocolInterface: BC62157E-3E33-4FEC-9920-2D3B36D750DF BF83BA18
ProtectUefiImageCommon - 0xBF83B0C0
  - 0x00000000BE86B000 - 0x0000000000009000
SetUefiImageMemoryAttributes - 0x00000000BE86B000 - 0x0000000000001000 (0x0000000000004000)
SetUefiImageMemoryAttributes - 0x00000000BE86C000 - 0x0000000000006000 (0x0000000000020000)
SetUefiImageMemoryAttributes - 0x00000000BE872000 - 0x0000000000002000 (0x0000000000004000)
InstallProtocolInterface: 18A031AB-B443-4D1A-A5C0-0C09261E9F71 BE872058
InstallProtocolInterface: 107A772C-D5E1-11D4-9A46-0090273FC14D BE872020
InstallProtocolInterface: 6A7A5CFF-E8D9-4F70-BADA-75AB3025CE14 BE872008
Loading driver 0170F60C-1D40-4651-956D-F0BD9879D527
InstallProtocolInterface: 5B1B31A1-9562-11D2-8E3F-00A0C969723B BF83B440
Loading driver at 0x000BE85F000 EntryPoint=0x000BE860074 Virtio10.efi
InstallProtocolInterface: BC62157E-3E33-4FEC-9920-2D3B36D750DF BF83AB18
ProtectUefiImageCommon - 0xBF83B440
  - 0x00000000BE85F000 - 0x000000000000C000
SetUefiImageMemoryAttributes - 0x00000000BE85F000 - 0x0000000000001000 (0x0000000000004000)
SetUefiImageMemoryAttributes - 0x00000000BE860000 - 0x0000000000009000 (0x0000000000020000)
SetUefiImageMemoryAttributes - 0x00000000BE869000 - 0x0000000000002000 (0x0000000000004000)
InstallProtocolInterface: 18A031AB-B443-4D1A-A5C0-0C09261E9F71 BE869058
InstallProtocolInterface: 107A772C-D5E1-11D4-9A46-0090273FC14D BE869020
InstallProtocolInterface: 6A7A5CFF-E8D9-4F70-BADA-75AB3025CE14 BE869008
Loading driver 11D92DFB-3CA9-4F93-BA2E-4780ED3E03B5
InstallProtocolInterface: 5B1B31A1-9562-11D2-8E3F-00A0C969723B BF83A7C0
Loading driver at 0x000BE856000 EntryPoint=0x000BE857074 VirtioBlkDxe.efi
InstallProtocolInterface: BC62157E-3E33-4FEC-9920-2D3B36D750DF BF83A598
ProtectUefiImageCommon - 0xBF83A7C0
  - 0x00000000BE856000 - 0x0000000000009000
SetUefiImageMemoryAttributes - 0x00000000BE856000 - 0x0000000000001000 (0x0000000000004000)
SetUefiImageMemoryAttributes - 0x00000000BE857000 - 0x0000000000006000 (0x0000000000020000)
SetUefiImageMemoryAttributes - 0x00000000BE85D000 - 0x0000000000002000 (0x0000000000004000)
InstallProtocolInterface: 18A031AB-B443-4D1A-A5C0-0C09261E9F71 BE85D058
InstallProtocolInterface: 107A772C-D5E1-11D4-9A46-0090273FC14D BE85D020
InstallProtocolInterface: 6A7A5CFF-E8D9-4F70-BADA-75AB3025CE14 BE85D008
Loading driver FAB5D4F4-83C0-4AAF-8480-442D11DF6CEA
InstallProtocolInterface: 5B1B31A1-9562-11D2-8E3F-00A0C969723B BF839040
Loading driver at 0x000BE84C000 EntryPoint=0x000BE84D074 VirtioScsiDxe.efi
InstallProtocolInterface: BC62157E-3E33-4FEC-9920-2D3B36D750DF BF839F18
ProtectUefiImageCommon - 0xBF839040
  - 0x00000000BE84C000 - 0x000000000000A000
SetUefiImageMemoryAttributes - 0x00000000BE84C000 - 0x0000000000001000 (0x0000000000004000)
SetUefiImageMemoryAttributes - 0x00000000BE84D000 - 0x0000000000007000 (0x0000000000020000)
SetUefiImageMemoryAttributes - 0x00000000BE854000 - 0x0000000000002000 (0x0000000000004000)
InstallProtocolInterface: 18A031AB-B443-4D1A-A5C0-0C09261E9F71 BE854058
InstallProtocolInterface: 107A772C-D5E1-11D4-9A46-0090273FC14D BE854020
InstallProtocolInterface: 6A7A5CFF-E8D9-4F70-BADA-75AB3025CE14 BE854008
Loading driver 58E26F0D-CBAC-4BBA-B70F-18221415665A
InstallProtocolInterface: 5B1B31A1-9562-11D2-8E3F-00A0C969723B BF839340
Loading driver at 0x000BE843000 EntryPoint=0x000BE844074 VirtioRngDxe.efi
InstallProtocolInterface: BC62157E-3E33-4FEC-9920-2D3B36D750DF BF839898
ProtectUefiImageCommon - 0xBF839340
  - 0x00000000BE843000 - 0x0000000000009000
SetUefiImageMemoryAttributes - 0x00000000BE843000 - 0x0000000000001000 (0x0000000000004000)
SetUefiImageMemoryAttributes - 0x00000000BE844000 - 0x0000000000006000 (0x0000000000020000)
SetUefiImageMemoryAttributes - 0x00000000BE84A000 - 0x0000000000002000 (0x0000000000004000)
InstallProtocolInterface: 18A031AB-B443-4D1A-A5C0-0C09261E9F71 BE84A068
InstallProtocolInterface: 107A772C-D5E1-11D4-9A46-0090273FC14D BE84A030
InstallProtocolInterface: 6A7A5CFF-E8D9-4F70-BADA-75AB3025CE14 BE84A018
Loading driver A92CDB4B-82F1-4E0B-A516-8A655D371524
InstallProtocolInterface: 5B1B31A1-9562-11D2-8E3F-00A0C969723B BF838B40
Loading driver at 0x000BE836000 EntryPoint=0x000BE837074 VirtioNetDxe.efi
InstallProtocolInterface: BC62157E-3E33-4FEC-9920-2D3B36D750DF BF838098
ProtectUefiImageCommon - 0xBF838B40
  - 0x00000000BE836000 - 0x000000000000D000
SetUefiImageMemoryAttributes - 0x00000000BE836000 - 0x0000000000001000 (0x0000000000004000)
SetUefiImageMemoryAttributes - 0x00000000BE837000 - 0x000000000000A000 (0x0000000000020000)
SetUefiImageMemoryAttributes - 0x00000000BE841000 - 0x0000000000002000 (0x0000000000004000)
InstallProtocolInterface: 18A031AB-B443-4D1A-A5C0-0C09261E9F71 BE841078
InstallProtocolInterface: 107A772C-D5E1-11D4-9A46-0090273FC14D BE841020
InstallProtocolInterface: 6A7A5CFF-E8D9-4F70-BADA-75AB3025CE14 BE841008
Loading driver 51CCF399-4FDF-4E55-A45B-E123F84D456A
InstallProtocolInterface: 5B1B31A1-9562-11D2-8E3F-00A0C969723B BF8381C0
Loading driver at 0x000BE82C000 EntryPoint=0x000BE82D074 ConPlatformDxe.efi
InstallProtocolInterface: BC62157E-3E33-4FEC-9920-2D3B36D750DF BF838598
ProtectUefiImageCommon - 0xBF8381C0
  - 0x00000000BE82C000 - 0x000000000000A000
SetUefiImageMemoryAttributes - 0x00000000BE82C000 - 0x0000000000001000 (0x0000000000004000)
SetUefiImageMemoryAttributes - 0x00000000BE82D000 - 0x0000000000007000 (0x0000000000020000)
SetUefiImageMemoryAttributes - 0x00000000BE834000 - 0x0000000000002000 (0x0000000000004000)
InstallProtocolInterface: 18A031AB-B443-4D1A-A5C0-0C09261E9F71 BE834038
InstallProtocolInterface: 107A772C-D5E1-11D4-9A46-0090273FC14D BE8340A0
InstallProtocolInterface: 6A7A5CFF-E8D9-4F70-BADA-75AB3025CE14 BE834088
InstallProtocolInterface: 18A031AB-B443-4D1A-A5C0-0C09261E9F71 BE834008
InstallProtocolInterface: 107A772C-D5E1-11D4-9A46-0090273FC14D BE8340A0
InstallProtocolInterface: 6A7A5CFF-E8D9-4F70-BADA-75AB3025CE14 BE834088
Loading driver 408EDCEC-CF6D-477C-A5A8-B4844E3DE281
InstallProtocolInterface: 5B1B31A1-9562-11D2-8E3F-00A0C969723B BF8377C0
Loading driver at 0x000BE81D000 EntryPoint=0x000BE81E074 ConSplitterDxe.efi
InstallProtocolInterface: BC62157E-3E33-4FEC-9920-2D3B36D750DF BF837598
ProtectUefiImageCommon - 0xBF8377C0
  - 0x00000000BE81D000 - 0x000000000000F000
SetUefiImageMemoryAttributes - 0x00000000BE81D000 - 0x0000000000001000 (0x0000000000004000)
SetUefiImageMemoryAttributes - 0x00000000BE81E000 - 0x000000000000C000 (0x0000000000020000)
SetUefiImageMemoryAttributes - 0x00000000BE82A000 - 0x0000000000002000 (0x0000000000004000)
InstallProtocolInterface: 18A031AB-B443-4D1A-A5C0-0C09261E9F71 BE82A0D0
InstallProtocolInterface: 107A772C-D5E1-11D4-9A46-0090273FC14D BE82A678
InstallProtocolInterface: 6A7A5CFF-E8D9-4F70-BADA-75AB3025CE14 BE82A660
InstallProtocolInterface: 18A031AB-B443-4D1A-A5C0-0C09261E9F71 BE82A040
InstallProtocolInterface: 107A772C-D5E1-11D4-9A46-0090273FC14D BE82A648
InstallProtocolInterface: 6A7A5CFF-E8D9-4F70-BADA-75AB3025CE14 BE82A630
InstallProtocolInterface: 18A031AB-B443-4D1A-A5C0-0C09261E9F71 BE82A010
InstallProtocolInterface: 107A772C-D5E1-11D4-9A46-0090273FC14D BE82A618
InstallProtocolInterface: 6A7A5CFF-E8D9-4F70-BADA-75AB3025CE14 BE82A600
InstallProtocolInterface: 18A031AB-B443-4D1A-A5C0-0C09261E9F71 BE82A0A0
InstallProtocolInterface: 107A772C-D5E1-11D4-9A46-0090273FC14D BE82A5E8
InstallProtocolInterface: 6A7A5CFF-E8D9-4F70-BADA-75AB3025CE14 BE82A5D0
InstallProtocolInterface: 18A031AB-B443-4D1A-A5C0-0C09261E9F71 BE82A070
InstallProtocolInterface: 107A772C-D5E1-11D4-9A46-0090273FC14D BE82A5B8
InstallProtocolInterface: 6A7A5CFF-E8D9-4F70-BADA-75AB3025CE14 BE82A5A0
InstallProtocolInterface: 387477C1-69C7-11D2-8E39-00A0C969723B BE82A368
InstallProtocolInterface: DD9E7534-7762-4698-8C14-F58517A625AA BE82A398
InstallProtocolInterface: 31878C87-0B75-11D5-9A4F-0090273FC14D BE82A408
InstallProtocolInterface: 8D59D32B-C655-4AE9-9B15-F25904992A43 BE82A460
InstallProtocolInterface: 387477C2-69C7-11D2-8E39-00A0C969723B BE82A220
InstallProtocolInterface: 387477C2-69C7-11D2-8E39-00A0C969723B BE82A110
Loading driver 9E863906-A40F-4875-977F-5B93FF237FC6
InstallProtocolInterface: 5B1B31A1-9562-11D2-8E3F-00A0C969723B BF831C40
Loading driver at 0x000BE80C000 EntryPoint=0x000BE80D074 TerminalDxe.efi
InstallProtocolInterface: BC62157E-3E33-4FEC-9920-2D3B36D750DF BF831B18
ProtectUefiImageCommon - 0xBF831C40
  - 0x00000000BE80C000 - 0x0000000000011000
SetUefiImageMemoryAttributes - 0x00000000BE80C000 - 0x0000000000001000 (0x0000000000004000)
SetUefiImageMemoryAttributes - 0x00000000BE80D000 - 0x000000000000E000 (0x0000000000020000)
SetUefiImageMemoryAttributes - 0x00000000BE81B000 - 0x0000000000002000 (0x0000000000004000)
InstallProtocolInterface: 18A031AB-B443-4D1A-A5C0-0C09261E9F71 BE81B220
InstallProtocolInterface: 107A772C-D5E1-11D4-9A46-0090273FC14D BE81B288
InstallProtocolInterface: 6A7A5CFF-E8D9-4F70-BADA-75AB3025CE14 BE81B270
Loading driver CCCB0C28-4B24-11D5-9A5A-0090273FC14D
InstallProtocolInterface: 5B1B31A1-9562-11D2-8E3F-00A0C969723B BF831140
Loading driver at 0x000BE7FF000 EntryPoint=0x000BE800074 GraphicsConsoleDxe.efi
InstallProtocolInterface: BC62157E-3E33-4FEC-9920-2D3B36D750DF BF831498
ProtectUefiImageCommon - 0xBF831140
  - 0x00000000BE7FF000 - 0x000000000000D000
SetUefiImageMemoryAttributes - 0x00000000BE7FF000 - 0x0000000000001000 (0x0000000000004000)
SetUefiImageMemoryAttributes - 0x00000000BE800000 - 0x0000000000009000 (0x0000000000020000)
SetUefiImageMemoryAttributes - 0x00000000BE809000 - 0x0000000000003000 (0x0000000000004000)
InstallProtocolInterface: 18A031AB-B443-4D1A-A5C0-0C09261E9F71 BE809010
InstallProtocolInterface: 107A772C-D5E1-11D4-9A46-0090273FC14D BE8091E0
InstallProtocolInterface: 6A7A5CFF-E8D9-4F70-BADA-75AB3025CE14 BE8091C8
Loading driver E3752948-B9A1-4770-90C4-DF41C38986BE
InstallProtocolInterface: 5B1B31A1-9562-11D2-8E3F-00A0C969723B BF830140
Loading driver at 0x000BE7F2000 EntryPoint=0x000BE7F3074 QemuVideoDxe.efi
InstallProtocolInterface: BC62157E-3E33-4FEC-9920-2D3B36D750DF BF830898
ProtectUefiImageCommon - 0xBF830140
  - 0x00000000BE7F2000 - 0x000000000000D000
SetUefiImageMemoryAttributes - 0x00000000BE7F2000 - 0x0000000000001000 (0x0000000000004000)
SetUefiImageMemoryAttributes - 0x00000000BE7F3000 - 0x000000000000A000 (0x0000000000020000)
SetUefiImageMemoryAttributes - 0x00000000BE7FD000 - 0x0000000000002000 (0x0000000000004000)
InstallProtocolInterface: 18A031AB-B443-4D1A-A5C0-0C09261E9F71 BE7FD0E0
InstallProtocolInterface: 107A772C-D5E1-11D4-9A46-0090273FC14D BE7FD2C8
InstallProtocolInterface: 6A7A5CFF-E8D9-4F70-BADA-75AB3025CE14 BE7FD2B0
Loading driver 021722D8-522B-4079-852A-FE44C2C13F49
InstallProtocolInterface: 5B1B31A1-9562-11D2-8E3F-00A0C969723B BF82F040
Loading driver at 0x000BE7E9000 EntryPoint=0x000BE7EA074 SataController.efi
InstallProtocolInterface: BC62157E-3E33-4FEC-9920-2D3B36D750DF BF830698
ProtectUefiImageCommon - 0xBF82F040
  - 0x00000000BE7E9000 - 0x0000000000009000
SetUefiImageMemoryAttributes - 0x00000000BE7E9000 - 0x0000000000001000 (0x0000000000004000)
SetUefiImageMemoryAttributes - 0x00000000BE7EA000 - 0x0000000000006000 (0x0000000000020000)
SetUefiImageMemoryAttributes - 0x00000000BE7F0000 - 0x0000000000002000 (0x0000000000004000)
InstallProtocolInterface: 18A031AB-B443-4D1A-A5C0-0C09261E9F71 BE7F0008
InstallProtocolInterface: 107A772C-D5E1-11D4-9A46-0090273FC14D BE7F0090
InstallProtocolInterface: 6A7A5CFF-E8D9-4F70-BADA-75AB3025CE14 BE7F0078
Loading driver 5E523CB4-D397-4986-87BD-A6DD8B22F455
InstallProtocolInterface: 5B1B31A1-9562-11D2-8E3F-00A0C969723B BF82F3C0
Loading driver at 0x000BE7D3000 EntryPoint=0x000BE7D4074 AtaAtapiPassThruDxe.efi
InstallProtocolInterface: BC62157E-3E33-4FEC-9920-2D3B36D750DF BF82FB98
ProtectUefiImageCommon - 0xBF82F3C0
  - 0x00000000BE7D3000 - 0x0000000000016000
SetUefiImageMemoryAttributes - 0x00000000BE7D3000 - 0x0000000000001000 (0x0000000000004000)
SetUefiImageMemoryAttributes - 0x00000000BE7D4000 - 0x0000000000013000 (0x0000000000020000)
SetUefiImageMemoryAttributes - 0x00000000BE7E7000 - 0x0000000000002000 (0x0000000000004000)
InstallProtocolInterface: 18A031AB-B443-4D1A-A5C0-0C09261E9F71 BE7E71C8
InstallProtocolInterface: 107A772C-D5E1-11D4-9A46-0090273FC14D BE7E7210
InstallProtocolInterface: 6A7A5CFF-E8D9-4F70-BADA-75AB3025CE14 BE7E71F8
Loading driver 19DF145A-B1D4-453F-8507-38816676D7F6
InstallProtocolInterface: 5B1B31A1-9562-11D2-8E3F-00A0C969723B BF82EB40
Loading driver at 0x000BE7C5000 EntryPoint=0x000BE7C6074 AtaBusDxe.efi
InstallProtocolInterface: BC62157E-3E33-4FEC-9920-2D3B36D750DF BF82E098
ProtectUefiImageCommon - 0xBF82EB40
  - 0x00000000BE7C5000 - 0x000000000000E000
SetUefiImageMemoryAttributes - 0x00000000BE7C5000 - 0x0000000000001000 (0x0000000000004000)
SetUefiImageMemoryAttributes - 0x00000000BE7C6000 - 0x000000000000B000 (0x0000000000020000)
SetUefiImageMemoryAttributes - 0x00000000BE7D1000 - 0x0000000000002000 (0x0000000000004000)
InstallProtocolInterface: 18A031AB-B443-4D1A-A5C0-0C09261E9F71 BE7D11E8
InstallProtocolInterface: 107A772C-D5E1-11D4-9A46-0090273FC14D BE7D1258
InstallProtocolInterface: 6A7A5CFF-E8D9-4F70-BADA-75AB3025CE14 BE7D1240
Loading driver 0167CCC4-D0F7-4F21-A3EF-9E64B7CDCE8B
InstallProtocolInterface: 5B1B31A1-9562-11D2-8E3F-00A0C969723B BF82E240
Loading driver at 0x000BE7BA000 EntryPoint=0x000BE7BB074 ScsiBus.efi
InstallProtocolInterface: BC62157E-3E33-4FEC-9920-2D3B36D750DF BF82E618
ProtectUefiImageCommon - 0xBF82E240
  - 0x00000000BE7BA000 - 0x000000000000B000
SetUefiImageMemoryAttributes - 0x00000000BE7BA000 - 0x0000000000001000 (0x0000000000004000)
SetUefiImageMemoryAttributes - 0x00000000BE7BB000 - 0x0000000000008000 (0x0000000000020000)
SetUefiImageMemoryAttributes - 0x00000000BE7C3000 - 0x0000000000002000 (0x0000000000004000)
InstallProtocolInterface: 18A031AB-B443-4D1A-A5C0-0C09261E9F71 BE7C3008
InstallProtocolInterface: 107A772C-D5E1-11D4-9A46-0090273FC14D BE7C3070
InstallProtocolInterface: 6A7A5CFF-E8D9-4F70-BADA-75AB3025CE14 BE7C3058
Loading driver 0A66E322-3740-4CCE-AD62-BD172CECCA35
InstallProtocolInterface: 5B1B31A1-9562-11D2-8E3F-00A0C969723B BF82DBC0
Loading driver at 0x000BE7A6000 EntryPoint=0x000BE7A7074 ScsiDisk.efi
InstallProtocolInterface: BC62157E-3E33-4FEC-9920-2D3B36D750DF BF82DA98
ProtectUefiImageCommon - 0xBF82DBC0
  - 0x00000000BE7A6000 - 0x0000000000014000
SetUefiImageMemoryAttributes - 0x00000000BE7A6000 - 0x0000000000001000 (0x0000000000004000)
SetUefiImageMemoryAttributes - 0x00000000BE7A7000 - 0x0000000000011000 (0x0000000000020000)
SetUefiImageMemoryAttributes - 0x00000000BE7B8000 - 0x0000000000002000 (0x0000000000004000)
InstallProtocolInterface: 18A031AB-B443-4D1A-A5C0-0C09261E9F71 BE7B8038
InstallProtocolInterface: 107A772C-D5E1-11D4-9A46-0090273FC14D BE7B80A0
InstallProtocolInterface: 6A7A5CFF-E8D9-4F70-BADA-75AB3025CE14 BE7B8088
Loading driver 2FB92EFA-2EE0-4BAE-9EB6-7464125E1EF7
InstallProtocolInterface: 5B1B31A1-9562-11D2-8E3F-00A0C969723B BF82D240
Loading driver at 0x000BE796000 EntryPoint=0x000BE797074 UhciDxe.efi
InstallProtocolInterface: BC62157E-3E33-4FEC-9920-2D3B36D750DF BF82CF98
ProtectUefiImageCommon - 0xBF82D240
  - 0x00000000BE796000 - 0x0000000000010000
SetUefiImageMemoryAttributes - 0x00000000BE796000 - 0x0000000000001000 (0x0000000000004000)
SetUefiImageMemoryAttributes - 0x00000000BE797000 - 0x000000000000D000 (0x0000000000020000)
SetUefiImageMemoryAttributes - 0x00000000BE7A4000 - 0x0000000000002000 (0x0000000000004000)
InstallProtocolInterface: 18A031AB-B443-4D1A-A5C0-0C09261E9F71 BE7A4008
InstallProtocolInterface: 107A772C-D5E1-11D4-9A46-0090273FC14D BE7A4070
InstallProtocolInterface: 6A7A5CFF-E8D9-4F70-BADA-75AB3025CE14 BE7A4058
Loading driver BDFE430E-8F2A-4DB0-9991-6F856594777E
InstallProtocolInterface: 5B1B31A1-9562-11D2-8E3F-00A0C969723B BF82C140
Loading driver at 0x000BE783000 EntryPoint=0x000BE784074 EhciDxe.efi
InstallProtocolInterface: BC62157E-3E33-4FEC-9920-2D3B36D750DF BF82C398
ProtectUefiImageCommon - 0xBF82C140
  - 0x00000000BE783000 - 0x0000000000013000
SetUefiImageMemoryAttributes - 0x00000000BE783000 - 0x0000000000001000 (0x0000000000004000)
SetUefiImageMemoryAttributes - 0x00000000BE784000 - 0x0000000000010000 (0x0000000000020000)
SetUefiImageMemoryAttributes - 0x00000000BE794000 - 0x0000000000002000 (0x0000000000004000)
InstallProtocolInterface: 18A031AB-B443-4D1A-A5C0-0C09261E9F71 BE794008
InstallProtocolInterface: 107A772C-D5E1-11D4-9A46-0090273FC14D BE7940A0
InstallProtocolInterface: 6A7A5CFF-E8D9-4F70-BADA-75AB3025CE14 BE794088
Loading driver B7F50E91-A759-412C-ADE4-DCD03E7F7C28
InstallProtocolInterface: 5B1B31A1-9562-11D2-8E3F-00A0C969723B BF829040
Loading driver at 0x000BE76A000 EntryPoint=0x000BE76B074 XhciDxe.efi
InstallProtocolInterface: BC62157E-3E33-4FEC-9920-2D3B36D750DF BF829D18
ProtectUefiImageCommon - 0xBF829040
  - 0x00000000BE76A000 - 0x0000000000019000
SetUefiImageMemoryAttributes - 0x00000000BE76A000 - 0x0000000000001000 (0x0000000000004000)
SetUefiImageMemoryAttributes - 0x00000000BE76B000 - 0x0000000000016000 (0x0000000000020000)
SetUefiImageMemoryAttributes - 0x00000000BE781000 - 0x0000000000002000 (0x0000000000004000)
InstallProtocolInterface: 18A031AB-B443-4D1A-A5C0-0C09261E9F71 BE781078
InstallProtocolInterface: 107A772C-D5E1-11D4-9A46-0090273FC14D BE7811A8
InstallProtocolInterface: 6A7A5CFF-E8D9-4F70-BADA-75AB3025CE14 BE781190
Loading driver 240612B7-A063-11D4-9A3A-0090273FC14D
InstallProtocolInterface: 5B1B31A1-9562-11D2-8E3F-00A0C969723B BF8299C0
Loading driver at 0x000BE757000 EntryPoint=0x000BE758074 UsbBusDxe.efi
InstallProtocolInterface: BC62157E-3E33-4FEC-9920-2D3B36D750DF BF829898
ProtectUefiImageCommon - 0xBF8299C0
  - 0x00000000BE757000 - 0x0000000000013000
SetUefiImageMemoryAttributes - 0x00000000BE757000 - 0x0000000000001000 (0x0000000000004000)
SetUefiImageMemoryAttributes - 0x00000000BE758000 - 0x0000000000010000 (0x0000000000020000)
SetUefiImageMemoryAttributes - 0x00000000BE768000 - 0x0000000000002000 (0x0000000000004000)
InstallProtocolInterface: 18A031AB-B443-4D1A-A5C0-0C09261E9F71 BE768008
InstallProtocolInterface: 107A772C-D5E1-11D4-9A46-0090273FC14D BE768198
InstallProtocolInterface: 6A7A5CFF-E8D9-4F70-BADA-75AB3025CE14 BE768180
Loading driver 2D2E62CF-9ECF-43B7-8219-94E7FC713DFE
InstallProtocolInterface: 5B1B31A1-9562-11D2-8E3F-00A0C969723B BF818040
Loading driver at 0x000BE749000 EntryPoint=0x000BE74A074 UsbKbDxe.efi
InstallProtocolInterface: BC62157E-3E33-4FEC-9920-2D3B36D750DF BF818E98
ProtectUefiImageCommon - 0xBF818040
  - 0x00000000BE749000 - 0x000000000000E000
SetUefiImageMemoryAttributes - 0x00000000BE749000 - 0x0000000000001000 (0x0000000000004000)
SetUefiImageMemoryAttributes - 0x00000000BE74A000 - 0x000000000000B000 (0x0000000000020000)
SetUefiImageMemoryAttributes - 0x00000000BE755000 - 0x0000000000002000 (0x0000000000004000)
InstallProtocolInterface: 18A031AB-B443-4D1A-A5C0-0C09261E9F71 BE755008
InstallProtocolInterface: 107A772C-D5E1-11D4-9A46-0090273FC14D BE7557F8
InstallProtocolInterface: 6A7A5CFF-E8D9-4F70-BADA-75AB3025CE14 BE7557E0
Loading driver 9FB4B4A7-42C0-4BCD-8540-9BCC6711F83E
InstallProtocolInterface: 5B1B31A1-9562-11D2-8E3F-00A0C969723B BF8183C0
Loading driver at 0x000BE73C000 EntryPoint=0x000BE73D074 UsbMassStorageDxe.efi
InstallProtocolInterface: BC62157E-3E33-4FEC-9920-2D3B36D750DF BF818698
ProtectUefiImageCommon - 0xBF8183C0
  - 0x00000000BE73C000 - 0x000000000000D000
SetUefiImageMemoryAttributes - 0x00000000BE73C000 - 0x0000000000001000 (0x0000000000004000)
SetUefiImageMemoryAttributes - 0x00000000BE73D000 - 0x000000000000A000 (0x0000000000020000)
SetUefiImageMemoryAttributes - 0x00000000BE747000 - 0x0000000000002000 (0x0000000000004000)
InstallProtocolInterface: 18A031AB-B443-4D1A-A5C0-0C09261E9F71 BE747008
InstallProtocolInterface: 107A772C-D5E1-11D4-9A46-0090273FC14D BE747148
InstallProtocolInterface: 6A7A5CFF-E8D9-4F70-BADA-75AB3025CE14 BE747130
Loading driver 6B38F7B4-AD98-40E9-9093-ACA2B5A253C4
InstallProtocolInterface: 5B1B31A1-9562-11D2-8E3F-00A0C969723B BF828C40
Loading driver at 0x000BE730000 EntryPoint=0x000BE731074 DiskIoDxe.efi
InstallProtocolInterface: BC62157E-3E33-4FEC-9920-2D3B36D750DF BF828B18
ProtectUefiImageCommon - 0xBF828C40
  - 0x00000000BE730000 - 0x000000000000C000
SetUefiImageMemoryAttributes - 0x00000000BE730000 - 0x0000000000001000 (0x0000000000004000)
SetUefiImageMemoryAttributes - 0x00000000BE731000 - 0x0000000000009000 (0x0000000000020000)
SetUefiImageMemoryAttributes - 0x00000000BE73A000 - 0x0000000000002000 (0x0000000000004000)
InstallProtocolInterface: 18A031AB-B443-4D1A-A5C0-0C09261E9F71 BE73A090
InstallProtocolInterface: 107A772C-D5E1-11D4-9A46-0090273FC14D BE73A0F8
InstallProtocolInterface: 6A7A5CFF-E8D9-4F70-BADA-75AB3025CE14 BE73A0E0
Loading driver 1FA1F39E-FEFF-4AAE-BD7B-38A070A3B609
InstallProtocolInterface: 5B1B31A1-9562-11D2-8E3F-00A0C969723B BF828340
Loading driver at 0x000BE722000 EntryPoint=0x000BE723074 PartitionDxe.efi
InstallProtocolInterface: BC62157E-3E33-4FEC-9920-2D3B36D750DF BF827F18
ProtectUefiImageCommon - 0xBF828340
  - 0x00000000BE722000 - 0x000000000000E000
SetUefiImageMemoryAttributes - 0x00000000BE722000 - 0x0000000000001000 (0x0000000000004000)
SetUefiImageMemoryAttributes - 0x00000000BE723000 - 0x000000000000B000 (0x0000000000020000)
SetUefiImageMemoryAttributes - 0x00000000BE72E000 - 0x0000000000002000 (0x0000000000004000)
InstallProtocolInterface: 18A031AB-B443-4D1A-A5C0-0C09261E9F71 BE72E028
InstallProtocolInterface: 107A772C-D5E1-11D4-9A46-0090273FC14D BE72E090
InstallProtocolInterface: 6A7A5CFF-E8D9-4F70-BADA-75AB3025CE14 BE72E078
Loading driver CD3BAFB6-50FB-4FE8-8E4E-AB74D2C1A600
InstallProtocolInterface: 5B1B31A1-9562-11D2-8E3F-00A0C969723B BF8271C0
Loading driver at 0x000BFE11000 EntryPoint=0x000BFE12074 EnglishDxe.efi
InstallProtocolInterface: BC62157E-3E33-4FEC-9920-2D3B36D750DF BF827998
ProtectUefiImageCommon - 0xBF8271C0
  - 0x00000000BFE11000 - 0x0000000000007000
SetUefiImageMemoryAttributes - 0x00000000BFE11000 - 0x0000000000001000 (0x0000000000004000)
SetUefiImageMemoryAttributes - 0x00000000BFE12000 - 0x0000000000004000 (0x0000000000020000)
SetUefiImageMemoryAttributes - 0x00000000BFE16000 - 0x0000000000002000 (0x0000000000004000)
InstallProtocolInterface: 1D85CD7F-F43D-11D2-9A0C-0090273FC14D BFE16040
InstallProtocolInterface: A4C751FC-23AE-4C3E-92E9-4964CF63F349 BFE16008
Loading driver 961578FE-B6B7-44C3-AF35-6BC705CD2B1F
InstallProtocolInterface: 5B1B31A1-9562-11D2-8E3F-00A0C969723B BF826040
Loading driver at 0x000BE70E000 EntryPoint=0x000BE70F074 Fat.efi
InstallProtocolInterface: BC62157E-3E33-4FEC-9920-2D3B36D750DF BF826E98
ProtectUefiImageCommon - 0xBF826040
  - 0x00000000BE70E000 - 0x0000000000014000
SetUefiImageMemoryAttributes - 0x00000000BE70E000 - 0x0000000000001000 (0x0000000000004000)
SetUefiImageMemoryAttributes - 0x00000000BE70F000 - 0x0000000000011000 (0x0000000000020000)
SetUefiImageMemoryAttributes - 0x00000000BE720000 - 0x0000000000002000 (0x0000000000004000)
InstallProtocolInterface: 18A031AB-B443-4D1A-A5C0-0C09261E9F71 BE720008
InstallProtocolInterface: 107A772C-D5E1-11D4-9A46-0090273FC14D BE720090
InstallProtocolInterface: 6A7A5CFF-E8D9-4F70-BADA-75AB3025CE14 BE720078
[Bds] Entry...
[BdsDxe] Locate Variable Policy protocol - Success
Variable Driver Auto Update Lang, Lang:eng, PlatformLang:en Status: Success
[Variable]END_OF_DXE is signaled
Initialize variable error flag (FF)
PCI Bus First Scanning
PciBus: Discovered PCI @ [00|00|00]

PciBus: Discovered PCI @ [00|01|00]
   BAR[0]: Type =   Io32; Alignment = 0x1F;	Length = 0x20;	Offset = 0x10
   BAR[1]: Type =  Mem32; Alignment = 0xFFF;	Length = 0x1000;	Offset = 0x14
   BAR[4]: Type = PMem64; Alignment = 0x3FFF;	Length = 0x4000;	Offset = 0x20

PciBus: Discovered PCI @ [00|00|00]

PciBus: Discovered PCI @ [00|01|00]
   BAR[0]: Type =   Io32; Alignment = 0x1F;	Length = 0x20;	Offset = 0x10
   BAR[1]: Type =  Mem32; Alignment = 0xFFF;	Length = 0x1000;	Offset = 0x14
   BAR[4]: Type = PMem64; Alignment = 0x3FFF;	Length = 0x4000;	Offset = 0x20

PciHostBridge: SubmitResources for PciRoot(0x0)
 I/O: Granularity/SpecificFlag = 0 / 01
      Length/Alignment = 0x1000 / 0xFFF
 Mem: Granularity/SpecificFlag = 32 / 00
      Length/Alignment = 0x100000 / 0xFFFFF
PciBus: HostBridge->SubmitResources() - Success
PciHostBridge: NotifyPhase (AllocateResources)
 RootBridge: PciRoot(0x0)
  Mem: Base/Length/Alignment = 40000000/100000/FFFFF - Success
  I/O: Base/Length/Alignment = 4000/1000/FFF - Success
PciBus: HostBridge->NotifyPhase(AllocateResources) - Success
Process Option ROM: BAR Base/Length = 40000000/40000
PciBus: Resource Map for Root Bridge PciRoot(0x0)
Type =   Io16; Base = 0x4000;	Length = 0x1000;	Alignment = 0xFFF
   Base = 0x4000;	Length = 0x20;	Alignment = 0x1F;	Owner = PCI [00|01|00:10]
Type =  Mem32; Base = 0x40000000;	Length = 0x100000;	Alignment = 0xFFFFF
   Base = 0x40000000;	Length = 0x40000;	Alignment = 0x3FFFF;	Owner = PCI [00|00|00:00]; Type =  OpRom
   Base = 0x40040000;	Length = 0x4000;	Alignment = 0x3FFF;	Owner = PCI [00|01|00:20]; Type = PMem64
   Base = 0x40044000;	Length = 0x1000;	Alignment = 0xFFF;	Owner = PCI [00|01|00:14]

InstallProtocolInterface: 09576E91-6D3F-11D2-8E39-00A0C969723B BF825F18
InstallProtocolInterface: 4CF5B200-68B8-4CA5-9EEC-B23E3F50029A BF825028
InstallProtocolInterface: 09576E91-6D3F-11D2-8E39-00A0C969723B BF825F98
InstallProtocolInterface: 4CF5B200-68B8-4CA5-9EEC-B23E3F50029A BF825428
InstallProtocolInterface: 4006C0C1-FCB3-403E-996D-4A6C8724E06D BF8254F0
[Security] 3rd party image[0] can be loaded after EndOfDxe: PciRoot(0x0)/Pci(0x1,0x0)/Offset(0x10E00,0x273FF).
InstallProtocolInterface: 5B1B31A1-9562-11D2-8E3F-00A0C969723B BF823CC0
InstallProtocolInterface: 3BC1B285-8A15-4A82-AABF-4D7D13FB3265 BF8254D8
InstallProtocolInterface: 30CFE3E7-3DE1-4586-BE20-DEABA1B3B793 0
OnRootBridgesConnected: root bridges have been connected, installing ACPI tables
InstallQemuFwCfgTables: installed 6 tables
[Bds]RegisterKeyNotify: 000C/0000 80000000/00 Success
[Bds]RegisterKeyNotify: 0017/0000 80000000/00 Success
[Bds]RegisterKeyNotify: 0000/000D 80000000/00 Success
Terminal - Mode 0, Column = 80, Row = 25
Terminal - Mode 1, Column = 80, Row = 50
Terminal - Mode 2, Column = 100, Row = 31
[2J[04D[=3h[2J[09DInstallProtocolInterface: 387477C1-69C7-11D2-8E39-00A0C969723B BF8201C0
InstallProtocolInterface: DD9E7534-7762-4698-8C14-F58517A625AA BF8202A8
InstallProtocolInterface: 387477C2-69C7-11D2-8E39-00A0C969723B BF8201D8
InstallProtocolInterface: 09576E91-6D3F-11D2-8E39-00A0C969723B BF834118
InstallProtocolInterface: D3B36F2B-D551-11D4-9A46-0090273FC14D 0
InstallProtocolInterface: D3B36F2C-D551-11D4-9A46-0090273FC14D 0
InstallProtocolInterface: D3B36F2D-D551-11D4-9A46-0090273FC14D 0
PlatformBootManagerAfterConsole, func: PlatformBootManagerAfterConsole, line: 626
PlatformBootManagerAfterConsole, func: PlatformBootManagerAfterConsole, line: 628
PlatformBootManagerAfterConsole, func: PlatformBootManagerAfterConsole, line: 633
InstallProtocolInterface: FA920010-6785-4941-B6EC-498C579F160A BF81BC20
InstallProtocolInterface: A19832B9-AC25-11D3-9A2D-0090273FC14D BF7CF128
InstallProtocolInterface: 09576E91-6D3F-11D2-8E39-00A0C969723B BF7CF918
PlatformBootManagerAfterConsole, func: PlatformBootManagerAfterConsole, line: 635
New BPI addr: 0xBFFDA418
RamSize 1073741824 Byte
0: type: 0x1, start: 0x200000, size: 0xEE00000
1: type: 0x2, start: 0xF000000, size: 0x1000000
Header: 0xBFFDA430, Legth: 0xA17, CheckSum: 0x2C
Header: 0xBFFDAE47, Legth: 0x56, CheckSum: 0x2B
PlatformBootManagerAfterConsole, func: PlatformBootManagerAfterConsole, line: 644
command line size: 1.
kernel args size: 32.
kernel argv address: 0xBE6F0000.
kernel entry point: 1034808.
/home/zhangfuxin/uefi/edk2-platforms/Platform/Loongson/LoongArchQemuPkg/Library/PlatformBootManagerLib/QemuKernel.c GetSystemMemap:164 Status 0x5
/home/zhangfuxin/uefi/edk2-platforms/Platform/Loongson/LoongArchQemuPkg/Library/PlatformBootManagerLib/QemuKernel.c GetSystemMemap:174 Status 0x0
/home/zhangfuxin/uefi/edk2-platforms/Platform/Loongson/LoongArchQemuPkg/Library/PlatformBootManagerLib/QemuKernel.c GetSystemMemap:192 Status 0x0
new_interface_mem BFFDA430 MemoryMapPtr BE70C018 MapKey 412.
map[9]:type 2, start 0xBE6F0000, end 0xBE700000
map[10]:type 2, start 0xBE890000, end 0xBEB50000
map[11]:type 2, start 0xBEB60000, end 0xBEF10000
map[12]:type 2, start 0xBFF90000, end 0xBFFE0000
SetUefiImageMemoryAttributes - 0x00000000BEEC0000 - 0x0000000000040000 (0x0000000000000000)
SetUefiImageMemoryAttributes - 0x00000000BEE20000 - 0x0000000000040000 (0x0000000000000000)
SetUefiImageMemoryAttributes - 0x00000000BED80000 - 0x0000000000040000 (0x0000000000000000)
SetUefiImageMemoryAttributes - 0x00000000BECE0000 - 0x0000000000040000 (0x0000000000000000)
SetUefiImageMemoryAttributes - 0x00000000BEBF0000 - 0x0000000000050000 (0x0000000000000000)
SetUefiImageMemoryAttributes - 0x00000000BEB00000 - 0x0000000000040000 (0x0000000000000000)
SetUefiImageMemoryAttributes - 0x00000000BEA60000 - 0x0000000000040000 (0x0000000000000000)
SetUefiImageMemoryAttributes - 0x00000000BE9C0000 - 0x0000000000040000 (0x0000000000000000)
SetUefiImageMemoryAttributes - 0x00000000BE920000 - 0x0000000000040000 (0x0000000000000000)
kernel argc: 2, argv: 0xBE6F0000, bpi: 0xBFFDA418.
entry kernel ...
[34m[INFO]

       
  
         
        
 
      
[0m
[93m[WARN].text [0x9000000001034808, 0x9000000001036af0)[0m
[34m[INFO].rodata [0x9000000001036af0, 0x900000000103720a)[0m
[32m[DEBUG].data [0x9000000001039000, 0x9000000001039450)[0m
[90m[TRACE].bss [0x9000000001039600, 0x9000000001039620)[0m
[90m[TRACE]heap [0x90000000010b9620, 0x9000000041034804)[0m
[90m[TRACE]stack [0x9000000001039620, 0x90000000010b9620)[0m
sdasQEMU: Terminated
